# JRE version: Java(TM) SE Runtime Environment (8.0_60-b25) (build 1.8.0_60-ea-b25)
# Java VM: Java HotSpot(TM) 64-Bit Server VM (25.60-b23 mixed mode bsd-amd64 compressed oops)
Heap:
 PSYoungGen      total 311808K, used 101339K [0x00000007aab00000, 0x00000007c0000000, 0x00000007c0000000)
  eden space 297984K, 29% used [0x00000007aab00000,0x00000007b0078d18,0x00000007bce00000)
  from space 13824K, 99% used [0x00000007bce00000,0x00000007bdb7e2b0,0x00000007bdb80000)
  to   space 26112K, 0% used [0x00000007be680000,0x00000007be680000,0x00000007c0000000)
 ParOldGen       total 699392K, used 25780K [0x0000000780000000, 0x00000007aab00000, 0x00000007aab00000)
  object space 699392K, 3% used [0x0000000780000000,0x000000078192d1f0,0x00000007aab00000)
 Metaspace       used 72375K, capacity 73136K, committed 73344K, reserved 1110016K
  class space    used 13206K, capacity 13385K, committed 13440K, reserved 1048576K
GC Heap History (10 events):
Event: 11.732 GC heap before
{Heap before GC invocations=6 (full 2):
 PSYoungGen      total 305664K, used 278763K [0x00000007aab00000, 0x00000007c0000000, 0x00000007c0000000)
  eden space 262144K, 100% used [0x00000007aab00000,0x00000007bab00000,0x00000007bab00000)
  from space 43520K, 38% used [0x00000007bab00000,0x00000007bbb3ad48,0x00000007bd580000)
  to   space 43520K, 0% used [0x00000007bd580000,0x00000007bd580000,0x00000007c0000000)
 ParOldGen       total 699392K, used 18346K [0x0000000780000000, 0x00000007aab00000, 0x00000007aab00000)
  object space 699392K, 2% used [0x0000000780000000,0x00000007811eab60,0x00000007aab00000)
 Metaspace       used 56566K, capacity 57130K, committed 57216K, reserved 1095680K
  class space    used 10643K, capacity 10833K, committed 10880K, reserved 1048576K
Event: 11.752 GC heap after
Heap after GC invocations=6 (full 2):
 PSYoungGen      total 305664K, used 25098K [0x00000007aab00000, 0x00000007c0000000, 0x00000007c0000000)
  eden space 262144K, 0% used [0x00000007aab00000,0x00000007aab00000,0x00000007bab00000)
  from space 43520K, 57% used [0x00000007bd580000,0x00000007bee02b38,0x00000007c0000000)
  to   space 43520K, 0% used [0x00000007bab00000,0x00000007bab00000,0x00000007bd580000)
 ParOldGen       total 699392K, used 18354K [0x0000000780000000, 0x00000007aab00000, 0x00000007aab00000)
  object space 699392K, 2% used [0x0000000780000000,0x00000007811ecb60,0x00000007aab00000)
 Metaspace       used 56566K, capacity 57130K, committed 57216K, reserved 1095680K
  class space    used 10643K, capacity 10833K, committed 10880K, reserved 1048576K
}
Event: 12.020 GC heap before
{Heap before GC invocations=7 (full 2):
 PSYoungGen      total 305664K, used 44654K [0x00000007aab00000, 0x00000007c0000000, 0x00000007c0000000)
  eden space 262144K, 7% used [0x00000007aab00000,0x00000007abe18fc0,0x00000007bab00000)
  from space 43520K, 57% used [0x00000007bd580000,0x00000007bee02b38,0x00000007c0000000)
  to   space 43520K, 0% used [0x00000007bab00000,0x00000007bab00000,0x00000007bd580000)
 ParOldGen       total 699392K, used 18354K [0x0000000780000000, 0x00000007aab00000, 0x00000007aab00000)
  object space 699392K, 2% used [0x0000000780000000,0x00000007811ecb60,0x00000007aab00000)
 Metaspace       used 58533K, capacity 59050K, committed 59160K, reserved 1097728K
  class space    used 10896K, capacity 11089K, committed 11136K, reserved 1048576K
Event: 12.038 GC heap after
Heap after GC invocations=7 (full 2):
 PSYoungGen      total 305664K, used 18212K [0x00000007aab00000, 0x00000007c0000000, 0x00000007c0000000)
  eden space 262144K, 0% used [0x00000007aab00000,0x00000007aab00000,0x00000007bab00000)
  from space 43520K, 41% used [0x00000007bab00000,0x00000007bbcc9210,0x00000007bd580000)
  to   space 23040K, 0% used [0x00000007be980000,0x00000007be980000,0x00000007c0000000)
 ParOldGen       total 699392K, used 18426K [0x0000000780000000, 0x00000007aab00000, 0x00000007aab00000)
  object space 699392K, 2% used [0x0000000780000000,0x00000007811feb70,0x00000007aab00000)
 Metaspace       used 58533K, capacity 59050K, committed 59160K, reserved 1097728K
  class space    used 10896K, capacity 11089K, committed 11136K, reserved 1048576K
}
Event: 12.038 GC heap before
{Heap before GC invocations=8 (full 3):
 PSYoungGen      total 305664K, used 18212K [0x00000007aab00000, 0x00000007c0000000, 0x00000007c0000000)
  eden space 262144K, 0% used [0x00000007aab00000,0x00000007aab00000,0x00000007bab00000)
  from space 43520K, 41% used [0x00000007bab00000,0x00000007bbcc9210,0x00000007bd580000)
  to   space 23040K, 0% used [0x00000007be980000,0x00000007be980000,0x00000007c0000000)
 ParOldGen       total 699392K, used 18426K [0x0000000780000000, 0x00000007aab00000, 0x00000007aab00000)
  object space 699392K, 2% used [0x0000000780000000,0x00000007811feb70,0x00000007aab00000)
 Metaspace       used 58533K, capacity 59050K, committed 59160K, reserved 1097728K
  class space    used 10896K, capacity 11089K, committed 11136K, reserved 1048576K
Event: 12.151 GC heap after
Heap after GC invocations=8 (full 3):
 PSYoungGen      total 305664K, used 0K [0x00000007aab00000, 0x00000007c0000000, 0x00000007c0000000)
  eden space 262144K, 0% used [0x00000007aab00000,0x00000007aab00000,0x00000007bab00000)
  from space 43520K, 0% used [0x00000007bab00000,0x00000007bab00000,0x00000007bd580000)
  to   space 23040K, 0% used [0x00000007be980000,0x00000007be980000,0x00000007c0000000)
 ParOldGen       total 699392K, used 24894K [0x0000000780000000, 0x00000007aab00000, 0x00000007aab00000)
  object space 699392K, 3% used [0x0000000780000000,0x000000078184f8a8,0x00000007aab00000)
 Metaspace       used 58164K, capacity 58600K, committed 59160K, reserved 1097728K
  class space    used 10839K, capacity 11003K, committed 11136K, reserved 1048576K
}
Event: 69.442 GC heap before
{Heap before GC invocations=9 (full 3):
 PSYoungGen      total 305664K, used 262144K [0x00000007aab00000, 0x00000007c0000000, 0x00000007c0000000)
  eden space 262144K, 100% used [0x00000007aab00000,0x00000007bab00000,0x00000007bab00000)
  from space 43520K, 0% used [0x00000007bab00000,0x00000007bab00000,0x00000007bd580000)
  to   space 23040K, 0% used [0x00000007be980000,0x00000007be980000,0x00000007c0000000)
 ParOldGen       total 699392K, used 24894K [0x0000000780000000, 0x00000007aab00000, 0x00000007aab00000)
  object space 699392K, 3% used [0x0000000780000000,0x000000078184f8a8,0x00000007aab00000)
 Metaspace       used 70836K, capacity 71632K, committed 71808K, reserved 1107968K
  class space    used 12955K, capacity 13161K, committed 13184K, reserved 1048576K
Event: 69.464 GC heap after
Heap after GC invocations=9 (full 3):
 PSYoungGen      total 321024K, used 23024K [0x00000007aab00000, 0x00000007c0000000, 0x00000007c0000000)
  eden space 297984K, 0% used [0x00000007aab00000,0x00000007aab00000,0x00000007bce00000)
  from space 23040K, 99% used [0x00000007be980000,0x00000007bfffc3e8,0x00000007c0000000)
  to   space 25600K, 0% used [0x00000007bce00000,0x00000007bce00000,0x00000007be700000)
 ParOldGen       total 699392K, used 25772K [0x0000000780000000, 0x00000007aab00000, 0x00000007aab00000)
  object space 699392K, 3% used [0x0000000780000000,0x000000078192b1f0,0x00000007aab00000)
 Metaspace       used 70836K, capacity 71632K, committed 71808K, reserved 1107968K
  class space    used 12955K, capacity 13161K, committed 13184K, reserved 1048576K
}
Event: 70.898 GC heap before
{Heap before GC invocations=10 (full 3):
 PSYoungGen      total 321024K, used 321008K [0x00000007aab00000, 0x00000007c0000000, 0x00000007c0000000)
  eden space 297984K, 100% used [0x00000007aab00000,0x00000007bce00000,0x00000007bce00000)
  from space 23040K, 99% used [0x00000007be980000,0x00000007bfffc3e8,0x00000007c0000000)
  to   space 25600K, 0% used [0x00000007bce00000,0x00000007bce00000,0x00000007be700000)
 ParOldGen       total 699392K, used 25772K [0x0000000780000000, 0x00000007aab00000, 0x00000007aab00000)
  object space 699392K, 3% used [0x0000000780000000,0x000000078192b1f0,0x00000007aab00000)
 Metaspace       used 72079K, capacity 72848K, committed 73088K, reserved 1110016K
  class space    used 13162K, capacity 13353K, committed 13440K, reserved 1048576K
Event: 70.907 GC heap after
Heap after GC invocations=10 (full 3):
 PSYoungGen      total 311808K, used 13816K [0x00000007aab00000, 0x00000007c0000000, 0x00000007c0000000)
  eden space 297984K, 0% used [0x00000007aab00000,0x00000007aab00000,0x00000007bce00000)
  from space 13824K, 99% used [0x00000007bce00000,0x00000007bdb7e2b0,0x00000007bdb80000)
  to   space 26112K, 0% used [0x00000007be680000,0x00000007be680000,0x00000007c0000000)
 ParOldGen       total 699392K, used 25780K [0x0000000780000000, 0x00000007aab00000, 0x00000007aab00000)
  object space 699392K, 3% used [0x0000000780000000,0x000000078192d1f0,0x00000007aab00000)
 Metaspace       used 72079K, capacity 72848K, committed 73088K, reserved 1110016K
  class space    used 13162K, capacity 13353K, committed 13440K, reserved 1048576K
}

